INFO:root:User Add
INFO:root:Get All!
INFO:root:Search
WARNING:root:User trying to search query which not in fields list
INFO:root:User Add
INFO:root:Search
INFO:root:User Add
INFO:root:User Add
INFO:root:Update!
INFO:root:Get All!
INFO:root:Search
WARNING:root:User trying to search query which not in fields list
WARNING:root:somebody want to choose a letter!
INFO:root:Search
INFO:root:User Add
INFO:root:Get All!
INFO:root:Search
INFO:root:Search
WARNING:root:User trying to search query which not in fields list
INFO:root:Update!
INFO:root:Get All!
